<?xml version="1.0" encoding="UTF-8"?>
<testng-results ignored="0" total="1" passed="1" failed="0" skipped="0">
  <reporter-output>
  </reporter-output>
  <suite started-at="2023-07-18T19:05:02 IST" name="Default suite" finished-at="2023-07-18T19:05:14 IST" duration-ms="11315">
    <groups>
    </groups>
    <test started-at="2023-07-18T19:05:02 IST" name="Default test" finished-at="2023-07-18T19:05:14 IST" duration-ms="11315">
      <class name="shubham1.ScrollDemoTest">
        <test-method is-config="true" signature="configureTest()[pri:0, instance:shubham1.ScrollDemoTest@4bdeaabb]" started-at="2023-07-18T19:05:02 IST" name="configureTest" finished-at="2023-07-18T19:05:06 IST" duration-ms="4028" status="PASS">
          <reporter-output>
          </reporter-output>
        </test-method> <!-- configureTest -->
        <test-method signature="ScrollDemo()[pri:0, instance:shubham1.ScrollDemoTest@4bdeaabb]" started-at="2023-07-18T19:05:06 IST" name="ScrollDemo" finished-at="2023-07-18T19:05:14 IST" duration-ms="7113" status="PASS">
          <reporter-output>
          </reporter-output>
        </test-method> <!-- ScrollDemo -->
        <test-method is-config="true" signature="tearDown()[pri:0, instance:shubham1.ScrollDemoTest@4bdeaabb]" started-at="2023-07-18T19:05:14 IST" name="tearDown" finished-at="2023-07-18T19:05:14 IST" duration-ms="146" status="PASS">
          <reporter-output>
          </reporter-output>
        </test-method> <!-- tearDown -->
      </class> <!-- shubham1.ScrollDemoTest -->
    </test> <!-- Default test -->
  </suite> <!-- Default suite -->
</testng-results>
